2023-05-10 22:20:54,316 [Test worker] INFO  c.h.e.EmployeeappApplicationTests - Starting EmployeeappApplicationTests using Java 17.0.7 on Nitro5 with PID 10164 (started by londh in E:\HDFC\CapstoneProject\EmployeeManagementSystem\employeeapp)
2023-05-10 22:20:54,322 [Test worker] INFO  c.h.e.EmployeeappApplicationTests - No active profile set, falling back to 1 default profile: "default"
2023-05-10 22:20:55,387 [Test worker] INFO  o.s.d.r.c.RepositoryConfigurationDelegate - Bootstrapping Spring Data JPA repositories in DEFAULT mode.
2023-05-10 22:20:55,551 [Test worker] INFO  o.s.d.r.c.RepositoryConfigurationDelegate - Finished Spring Data repository scanning in 154 ms. Found 1 JPA repository interfaces.
2023-05-10 22:20:56,116 [Test worker] INFO  o.h.jpa.internal.util.LogHelper - HHH000204: Processing PersistenceUnitInfo [name: default]
2023-05-10 22:20:56,172 [Test worker] INFO  org.hibernate.Version - HHH000412: Hibernate ORM core version 5.6.15.Final
2023-05-10 22:20:56,375 [Test worker] INFO  o.h.annotations.common.Version - HCANN000001: Hibernate Commons Annotations {5.1.2.Final}
2023-05-10 22:20:56,487 [Test worker] INFO  com.zaxxer.hikari.HikariDataSource - HikariPool-1 - Starting...
2023-05-10 22:20:56,885 [Test worker] INFO  com.zaxxer.hikari.HikariDataSource - HikariPool-1 - Start completed.
2023-05-10 22:20:56,902 [Test worker] INFO  org.hibernate.dialect.Dialect - HHH000400: Using dialect: org.hibernate.dialect.MySQL8Dialect
2023-05-10 22:20:57,562 [Test worker] INFO  o.h.e.t.j.p.i.JtaPlatformInitiator - HHH000490: Using JtaPlatform implementation: [org.hibernate.engine.transaction.jta.platform.internal.NoJtaPlatform]
2023-05-10 22:20:57,570 [Test worker] INFO  o.s.o.j.LocalContainerEntityManagerFactoryBean - Initialized JPA EntityManagerFactory for persistence unit 'default'
2023-05-10 22:20:58,551 [Test worker] WARN  o.s.b.a.o.j.JpaBaseConfiguration$JpaWebConfiguration - spring.jpa.open-in-view is enabled by default. Therefore, database queries may be performed during view rendering. Explicitly configure spring.jpa.open-in-view to disable this warning
2023-05-10 22:21:00,406 [Test worker] INFO  c.h.e.EmployeeappApplicationTests - Started EmployeeappApplicationTests in 6.521 seconds (JVM running for 8.166)
2023-05-10 22:21:00,745 [Test worker] INFO  o.s.b.t.c.SpringBootTestContextBootstrapper - Neither @ContextConfiguration nor @ContextHierarchy found for test class [com.hdfc.employeeapp.EmployeeServiceTest.EmployeeServiceTest], using SpringBootContextLoader
2023-05-10 22:21:00,746 [Test worker] INFO  o.s.t.c.s.AbstractContextLoader - Could not detect default resource locations for test class [com.hdfc.employeeapp.EmployeeServiceTest.EmployeeServiceTest]: no resource found for suffixes {-context.xml, Context.groovy}.
2023-05-10 22:21:00,747 [Test worker] INFO  o.s.t.c.s.AnnotationConfigContextLoaderUtils - Could not detect default configuration classes for test class [com.hdfc.employeeapp.EmployeeServiceTest.EmployeeServiceTest]: EmployeeServiceTest does not declare any static, non-private, non-final, nested classes annotated with @Configuration.
2023-05-10 22:21:00,754 [Test worker] INFO  o.s.b.t.c.SpringBootTestContextBootstrapper - Found @SpringBootConfiguration com.hdfc.employeeapp.EmployeeappApplication for test class com.hdfc.employeeapp.EmployeeServiceTest.EmployeeServiceTest
2023-05-10 22:21:00,756 [Test worker] INFO  o.s.b.t.c.SpringBootTestContextBootstrapper - Loaded default TestExecutionListener class names from location [META-INF/spring.factories]: [org.springframework.boot.test.autoconfigure.restdocs.RestDocsTestExecutionListener, org.springframework.boot.test.autoconfigure.web.client.MockRestServiceServerResetTestExecutionListener, org.springframework.boot.test.autoconfigure.web.servlet.MockMvcPrintOnlyOnFailureTestExecutionListener, org.springframework.boot.test.autoconfigure.web.servlet.WebDriverTestExecutionListener, org.springframework.boot.test.autoconfigure.webservices.client.MockWebServiceServerTestExecutionListener, org.springframework.boot.test.mock.mockito.MockitoTestExecutionListener, org.springframework.boot.test.mock.mockito.ResetMocksTestExecutionListener, org.springframework.test.context.web.ServletTestExecutionListener, org.springframework.test.context.support.DirtiesContextBeforeModesTestExecutionListener, org.springframework.test.context.event.ApplicationEventsTestExecutionListener, org.springframework.test.context.support.DependencyInjectionTestExecutionListener, org.springframework.test.context.support.DirtiesContextTestExecutionListener, org.springframework.test.context.transaction.TransactionalTestExecutionListener, org.springframework.test.context.jdbc.SqlScriptsTestExecutionListener, org.springframework.test.context.event.EventPublishingTestExecutionListener]
2023-05-10 22:21:00,757 [Test worker] INFO  o.s.b.t.c.SpringBootTestContextBootstrapper - Using TestExecutionListeners: [org.springframework.test.context.web.ServletTestExecutionListener@36e11b60, org.springframework.test.context.support.DirtiesContextBeforeModesTestExecutionListener@71d8794f, org.springframework.test.context.event.ApplicationEventsTestExecutionListener@6af02de0, org.springframework.boot.test.mock.mockito.MockitoTestExecutionListener@3749c6ac, org.springframework.boot.test.autoconfigure.SpringBootDependencyInjectionTestExecutionListener@9cdf13e, org.springframework.test.context.support.DirtiesContextTestExecutionListener@3bede349, org.springframework.test.context.transaction.TransactionalTestExecutionListener@501956f9, org.springframework.test.context.jdbc.SqlScriptsTestExecutionListener@299c86f0, org.springframework.test.context.event.EventPublishingTestExecutionListener@4fbed6fc, org.springframework.boot.test.autoconfigure.restdocs.RestDocsTestExecutionListener@1b1d93e9, org.springframework.boot.test.autoconfigure.web.client.MockRestServiceServerResetTestExecutionListener@129b0ed, org.springframework.boot.test.autoconfigure.web.servlet.MockMvcPrintOnlyOnFailureTestExecutionListener@4ccf1d3e, org.springframework.boot.test.autoconfigure.web.servlet.WebDriverTestExecutionListener@75ff2b6d, org.springframework.boot.test.autoconfigure.webservices.client.MockWebServiceServerTestExecutionListener@20a7ce0, org.springframework.boot.test.mock.mockito.ResetMocksTestExecutionListener@4ee80a94]
2023-05-10 22:21:00,766 [Test worker] INFO  c.h.e.service.EmployeeServiceImp - Getting employee by id: 3210
2023-05-10 22:21:00,881 [Test worker] INFO  c.h.e.service.EmployeeServiceImp - Employee details - Employee Id: 3210, Employee Name: Aarav Sharma, Encrypted Date of Birth: yFDCZnVUIwG0zCUH4lE7Og==
2023-05-10 22:21:00,911 [SpringApplicationShutdownHook] INFO  o.s.o.j.LocalContainerEntityManagerFactoryBean - Closing JPA EntityManagerFactory for persistence unit 'default'
2023-05-10 22:21:00,919 [SpringApplicationShutdownHook] INFO  com.zaxxer.hikari.HikariDataSource - HikariPool-1 - Shutdown initiated...
2023-05-10 22:21:00,946 [SpringApplicationShutdownHook] INFO  com.zaxxer.hikari.HikariDataSource - HikariPool-1 - Shutdown completed.
2023-05-10 22:22:57,671 [main] INFO  c.h.e.EmployeeappApplication - Starting EmployeeappApplication using Java 17.0.7 on Nitro5 with PID 15732 (E:\HDFC\CapstoneProject\EmployeeManagementSystem\employeeapp\bin\main started by londh in E:\HDFC\CapstoneProject\EmployeeManagementSystem\employeeapp)
2023-05-10 22:22:57,674 [main] INFO  c.h.e.EmployeeappApplication - No active profile set, falling back to 1 default profile: "default"
2023-05-10 22:22:58,661 [main] INFO  o.s.d.r.c.RepositoryConfigurationDelegate - Bootstrapping Spring Data JPA repositories in DEFAULT mode.
2023-05-10 22:22:58,755 [main] INFO  o.s.d.r.c.RepositoryConfigurationDelegate - Finished Spring Data repository scanning in 72 ms. Found 1 JPA repository interfaces.
2023-05-10 22:22:59,661 [main] INFO  o.s.b.w.e.tomcat.TomcatWebServer - Tomcat initialized with port(s): 8080 (https)
2023-05-10 22:22:59,675 [main] INFO  o.a.catalina.core.StandardService - Starting service [Tomcat]
2023-05-10 22:22:59,675 [main] INFO  o.a.catalina.core.StandardEngine - Starting Servlet engine: [Apache Tomcat/9.0.74]
2023-05-10 22:22:59,826 [main] INFO  o.a.c.c.C.[Tomcat].[localhost].[/] - Initializing Spring embedded WebApplicationContext
2023-05-10 22:22:59,827 [main] INFO  o.s.b.w.s.c.ServletWebServerApplicationContext - Root WebApplicationContext: initialization completed in 2089 ms
2023-05-10 22:23:00,063 [main] INFO  o.h.jpa.internal.util.LogHelper - HHH000204: Processing PersistenceUnitInfo [name: default]
2023-05-10 22:23:00,157 [main] INFO  org.hibernate.Version - HHH000412: Hibernate ORM core version 5.6.15.Final
2023-05-10 22:23:00,506 [main] INFO  o.h.annotations.common.Version - HCANN000001: Hibernate Commons Annotations {5.1.2.Final}
2023-05-10 22:23:00,706 [main] INFO  com.zaxxer.hikari.HikariDataSource - HikariPool-1 - Starting...
2023-05-10 22:23:01,111 [main] INFO  com.zaxxer.hikari.HikariDataSource - HikariPool-1 - Start completed.
2023-05-10 22:23:01,134 [main] INFO  org.hibernate.dialect.Dialect - HHH000400: Using dialect: org.hibernate.dialect.MySQL8Dialect
2023-05-10 22:23:02,251 [main] INFO  o.h.e.t.j.p.i.JtaPlatformInitiator - HHH000490: Using JtaPlatform implementation: [org.hibernate.engine.transaction.jta.platform.internal.NoJtaPlatform]
2023-05-10 22:23:02,268 [main] INFO  o.s.o.j.LocalContainerEntityManagerFactoryBean - Initialized JPA EntityManagerFactory for persistence unit 'default'
2023-05-10 22:23:02,780 [main] WARN  o.s.b.a.o.j.JpaBaseConfiguration$JpaWebConfiguration - spring.jpa.open-in-view is enabled by default. Therefore, database queries may be performed during view rendering. Explicitly configure spring.jpa.open-in-view to disable this warning
2023-05-10 22:23:04,735 [main] INFO  o.a.t.u.net.NioEndpoint.certificate - Connector [https-jsse-nio-8080], TLS virtual host [_default_], certificate type [UNDEFINED] configured from [file:/E:/HDFC/CapstoneProject/EmployeeManagementSystem/employeeapp/bin/main/HDFC_EMP.jks] using alias [HDFC_EMP] and with trust store [null]
2023-05-10 22:23:04,775 [main] INFO  o.s.b.w.e.tomcat.TomcatWebServer - Tomcat started on port(s): 8080 (https) with context path ''
2023-05-10 22:23:04,794 [main] INFO  c.h.e.EmployeeappApplication - Started EmployeeappApplication in 7.587 seconds (JVM running for 7.955)
2023-05-10 22:23:13,622 [https-jsse-nio-8080-exec-3] INFO  o.a.c.c.C.[Tomcat].[localhost].[/] - Initializing Spring DispatcherServlet 'dispatcherServlet'
2023-05-10 22:23:13,623 [https-jsse-nio-8080-exec-3] INFO  o.s.web.servlet.DispatcherServlet - Initializing Servlet 'dispatcherServlet'
2023-05-10 22:23:13,625 [https-jsse-nio-8080-exec-3] INFO  o.s.web.servlet.DispatcherServlet - Completed initialization in 2 ms
2023-05-10 22:23:15,141 [https-jsse-nio-8080-exec-2] INFO  o.s.api.AbstractOpenApiResource - Init duration for springdoc-openapi is: 866 ms
2023-05-10 22:23:29,860 [https-jsse-nio-8080-exec-1] INFO  c.h.e.c.EmployeeRestController - Getting EmployeeId 3210
2023-05-10 22:23:29,862 [https-jsse-nio-8080-exec-1] INFO  c.h.e.service.EmployeeServiceImp - Getting employee by id: 3210
2023-05-10 22:23:30,032 [https-jsse-nio-8080-exec-1] INFO  c.h.e.service.EmployeeServiceImp - Employee details - Employee Id: 3210, Employee Name: Aarav Sharma, Encrypted Date of Birth: yFDCZnVUIwG0zCUH4lE7Og==
2023-05-10 22:23:51,720 [https-jsse-nio-8080-exec-3] INFO  c.h.e.c.EmployeeRestController - Getting EmployeeId 3210
2023-05-10 22:23:51,721 [https-jsse-nio-8080-exec-3] INFO  c.h.e.service.EmployeeServiceImp - Getting employee by id: 3210
2023-05-10 22:23:51,728 [https-jsse-nio-8080-exec-3] INFO  c.h.e.service.EmployeeServiceImp - Employee details - Employee Id: 3210, Employee Name: Aarav Sharma, Encrypted Date of Birth: yFDCZnVUIwG0zCUH4lE7Og==
2023-05-10 22:23:57,173 [https-jsse-nio-8080-exec-1] INFO  c.h.e.c.EmployeeRestController - Getting EmployeeId 3218
2023-05-10 22:23:57,174 [https-jsse-nio-8080-exec-1] INFO  c.h.e.service.EmployeeServiceImp - Getting employee by id: 3218
2023-05-10 22:23:57,180 [https-jsse-nio-8080-exec-1] INFO  c.h.e.service.EmployeeServiceImp - Employee details - Employee Id: 3218, Employee Name: Arnav Choudhary, Encrypted Date of Birth: I003HA00mzFK0BxFv5/wtg==
2023-05-10 22:24:01,437 [https-jsse-nio-8080-exec-10] INFO  c.h.e.c.EmployeeRestController - Getting EmployeeId 3218
2023-05-10 22:24:01,437 [https-jsse-nio-8080-exec-10] INFO  c.h.e.service.EmployeeServiceImp - Getting employee by id: 3218
2023-05-10 22:24:01,443 [https-jsse-nio-8080-exec-10] INFO  c.h.e.service.EmployeeServiceImp - Employee details - Employee Id: 3218, Employee Name: Arnav Choudhary, Encrypted Date of Birth: I003HA00mzFK0BxFv5/wtg==
